<?xml version="1.0" encoding="UTF-8"?>
<!-- Generated by org.testng.reporters.JUnitReportReporter -->
<testsuite hostname="Atul-PC" name="Maven.MavenDemo.parallelExec" tests="2" failures="0" timestamp="28 Feb 2017 13:06:08 GMT" time="181.292" errors="0">
  <testcase name="exec1" time="77.595" classname="Maven.MavenDemo.parallelExec"/>
  <testcase name="exec" time="103.697" classname="Maven.MavenDemo.parallelExec"/>
</testsuite> <!-- Maven.MavenDemo.parallelExec -->
