<?xml version="1.0" encoding="UTF-8"?>
<!-- Generated by org.testng.reporters.JUnitReportReporter -->
<testsuite hostname="Atul-PC" name="Maven.MavenDemo.LoginAmazonTest" tests="1" failures="0" timestamp="23 Feb 2017 16:50:33 GMT" time="87.676" errors="0">
  <testcase name="testLoginAmazon" time="87.676" classname="Maven.MavenDemo.LoginAmazonTest"/>
</testsuite> <!-- Maven.MavenDemo.LoginAmazonTest -->
