<?xml version="1.0" encoding="UTF-8"?>
<!-- Generated by org.testng.reporters.JUnitReportReporter -->
<testsuite hostname="Atul-PC" name="Maven.MavenDemo.SearchItemTest" tests="1" failures="0" timestamp="27 Feb 2017 05:42:15 GMT" time="5.932" errors="0">
  <testcase name="TestSearch" time="5.932" classname="Maven.MavenDemo.SearchItemTest"/>
</testsuite> <!-- Maven.MavenDemo.SearchItemTest -->
