<?xml version="1.0" encoding="UTF-8"?>
<!-- Generated by org.testng.reporters.JUnitReportReporter -->
<testsuite hostname="Atul-PC" name="Maven.MavenDemo.LoginAmazonTest" tests="2" failures="0" timestamp="27 Feb 2017 05:42:15 GMT" time="169.538" errors="0">
  <testcase name="TestSearch" time="169.300" classname="Maven.MavenDemo.LoginAmazonTest"/>
  <testcase name="VerifyLoginAmazon" time="0.238" classname="Maven.MavenDemo.LoginAmazonTest"/>
</testsuite> <!-- Maven.MavenDemo.LoginAmazonTest -->
